[themesbrand.com/lexa/layouts/index.html]
[backblue.gif]
[fade.gif]
[index.html]
[themesbrand.com/lexa/layouts/assets/images/favicon.ico]
[themesbrand.com/lexa/layouts/assets/css/bootstrap.min.css]
[themesbrand.com/lexa/layouts/assets/css/icons.min.css]
[themesbrand.com/lexa/layouts/assets/css/app.min.css]
[themesbrand.com/lexa/layouts/assets/images/logo-sm.png]
[themesbrand.com/lexa/layouts/assets/images/logo-dark.png]
[themesbrand.com/lexa/layouts/assets/images/logo-light.png]
[themesbrand.com/lexa/layouts/assets/images/flags/us_flag.jpg]
[themesbrand.com/lexa/layouts/assets/images/flags/germany_flag.jpg]
[themesbrand.com/lexa/layouts/assets/images/flags/italy_flag.jpg]
[themesbrand.com/lexa/layouts/assets/images/flags/french_flag.jpg]
[themesbrand.com/lexa/layouts/assets/images/flags/spain_flag.jpg]
[themesbrand.com/lexa/layouts/assets/images/flags/russia_flag.jpg]
[themesbrand.com/lexa/layouts/assets/images/users/user-4.jpg]
[themesbrand.com/lexa/layouts/calendar.html]
[themesbrand.com/lexa/layouts/email-inbox.html]
[themesbrand.com/lexa/layouts/email-read.html]
[themesbrand.com/lexa/layouts/email-compose.html]
[themesbrand.com/lexa/layouts/chat.html]
[themesbrand.com/lexa/layouts/kanbanboard.html]
[themesbrand.com/lexa/layouts/ui-alerts.html]
[themesbrand.com/lexa/layouts/ui-buttons.html]
[themesbrand.com/lexa/layouts/ui-cards.html]
[themesbrand.com/lexa/layouts/ui-carousel.html]
[themesbrand.com/lexa/layouts/ui-dropdowns.html]
[themesbrand.com/lexa/layouts/ui-badge.html]
[themesbrand.com/lexa/layouts/ui-utilities.html]
[themesbrand.com/lexa/layouts/ui-grid.html]
[themesbrand.com/lexa/layouts/ui-images.html]
[themesbrand.com/lexa/layouts/ui-lightbox.html]
[themesbrand.com/lexa/layouts/ui-modals.html]
[themesbrand.com/lexa/layouts/ui-colors.html]
[themesbrand.com/lexa/layouts/ui-offcanvas.html]
[themesbrand.com/lexa/layouts/ui-pagination.html]
[themesbrand.com/lexa/layouts/ui-popover-tooltips.html]
[themesbrand.com/lexa/layouts/ui-rangeslider.html]
[themesbrand.com/lexa/layouts/ui-session-timeout.html]
[themesbrand.com/lexa/layouts/ui-progressbars.html]
[themesbrand.com/lexa/layouts/ui-sweet-alert.html]
[themesbrand.com/lexa/layouts/ui-tabs-accordions.html]
[themesbrand.com/lexa/layouts/ui-typography.html]
[themesbrand.com/lexa/layouts/ui-video.html]
[themesbrand.com/lexa/layouts/form-elements.html]
[themesbrand.com/lexa/layouts/form-validation.html]
[themesbrand.com/lexa/layouts/form-advanced.html]
[themesbrand.com/lexa/layouts/form-editors.html]
[themesbrand.com/lexa/layouts/form-uploads.html]
[themesbrand.com/lexa/layouts/form-xeditable.html]
[themesbrand.com/lexa/layouts/charts-morris.html]
[themesbrand.com/lexa/layouts/charts-chartist.html]
[themesbrand.com/lexa/layouts/charts-chartjs.html]
[themesbrand.com/lexa/layouts/charts-flot.html]
[themesbrand.com/lexa/layouts/charts-c3.html]
[themesbrand.com/lexa/layouts/charts-other.html]
[themesbrand.com/lexa/layouts/tables-basic.html]
[themesbrand.com/lexa/layouts/tables-datatable.html]
[themesbrand.com/lexa/layouts/tables-responsive.html]
[themesbrand.com/lexa/layouts/tables-editable.html]
[themesbrand.com/lexa/layouts/icons-material.html]
[themesbrand.com/lexa/layouts/icons-ion.html]
[themesbrand.com/lexa/layouts/icons-fontawesome.html]
[themesbrand.com/lexa/layouts/icons-themify.html]
[themesbrand.com/lexa/layouts/icons-dripicons.html]
[themesbrand.com/lexa/layouts/icons-typicons.html]
[themesbrand.com/lexa/layouts/maps-google.html]
[themesbrand.com/lexa/layouts/maps-vector.html]
[themesbrand.com/lexa/layouts/layouts-light-sidebar.html]
[themesbrand.com/lexa/layouts/layouts-compact-sidebar.html]
[themesbrand.com/lexa/layouts/layouts-icon-sidebar.html]
[themesbrand.com/lexa/layouts/layouts-boxed.html]
[themesbrand.com/lexa/layouts/layouts-preloader.html]
[themesbrand.com/lexa/layouts/layouts-colored-sidebar.html]
[themesbrand.com/lexa/layouts/layouts-horizontal.html]
[themesbrand.com/lexa/layouts/layouts-hori-topbar-dark.html]
[themesbrand.com/lexa/layouts/layouts-hori-preloader.html]
[themesbrand.com/lexa/layouts/layouts-hori-boxed-width.html]
[themesbrand.com/lexa/layouts/pages-login.html]
[themesbrand.com/lexa/layouts/pages-register.html]
[themesbrand.com/lexa/layouts/pages-recoverpw.html]
[themesbrand.com/lexa/layouts/pages-lock-screen.html]
[themesbrand.com/lexa/layouts/pages-timeline.html]
[themesbrand.com/lexa/layouts/pages-invoice.html]
[themesbrand.com/lexa/layouts/pages-directory.html]
[themesbrand.com/lexa/layouts/pages-blank.html]
[themesbrand.com/lexa/layouts/pages-404.html]
[themesbrand.com/lexa/layouts/pages-500.html]
[themesbrand.com/lexa/layouts/assets/images/users/user-1.jpg]
[themesbrand.com/lexa/layouts/assets/images/users/user-2.jpg]
[themesbrand.com/lexa/layouts/assets/images/users/user-3.jpg]
[themesbrand.com/lexa/layouts/assets/images/users/user-5.jpg]
[themesbrand.com/lexa/layouts/assets/images/users/user-6.jpg]
[themesbrand.com/lexa/layouts/assets/images/layouts/layout-1.jpg]
[themesbrand.com/lexa/layouts/assets/images/layouts/layout-2.jpg]
[themesbrand.com/lexa/layouts/assets/images/layouts/layout-3.jpg]
[themesbrand.com/lexa/layouts/assets/css/app-rtl.min.css]
[themesbrand.com/lexa/layouts/assets/libs/jquery/jquery.min.js]
[themesbrand.com/lexa/layouts/assets/libs/bootstrap/js/bootstrap.bundle.min.js]
[themesbrand.com/lexa/layouts/assets/libs/metismenu/metisMenu.min.js]
[themesbrand.com/lexa/layouts/assets/libs/simplebar/simplebar.min.js]
[themesbrand.com/lexa/layouts/assets/libs/node-waves/waves.min.js]
[themesbrand.com/lexa/layouts/assets/libs/jquery-sparkline/jquery.sparkline.min.js]
[themesbrand.com/lexa/layouts/assets/libs/morris.js/morris.min.js]
[themesbrand.com/lexa/layouts/assets/libs/raphael/raphael.min.js]
[themesbrand.com/lexa/layouts/assets/js/pages/dashboard.init.js]
[themesbrand.com/lexa/layouts/index.html]
[themesbrand.com/lexa/layouts/assets/js/app.js]
[themesbrand.com/lexa/layouts/assets/css/bootstrap.min.css]
[themesbrand.com/lexa/layouts/assets/fonts/materialdesignicons-webfonte910.eot]
[themesbrand.com/lexa/layouts/assets/fonts/materialdesignicons-webfontd41d.eot]
[themesbrand.com/lexa/layouts/assets/fonts/materialdesignicons-webfonte910.woff2]
[themesbrand.com/lexa/layouts/assets/fonts/materialdesignicons-webfonte910.woff]
[themesbrand.com/lexa/layouts/assets/fonts/materialdesignicons-webfonte910.ttf]
[themesbrand.com/lexa/layouts/assets/fonts/fa-brands-400.eot]
[themesbrand.com/lexa/layouts/assets/fonts/fa-brands-400d41d.eot]
[themesbrand.com/lexa/layouts/assets/fonts/fa-brands-400.woff2]
[themesbrand.com/lexa/layouts/assets/fonts/fa-brands-400.woff]
[themesbrand.com/lexa/layouts/assets/fonts/fa-brands-400.ttf]
[themesbrand.com/lexa/layouts/assets/fonts/fa-regular-400.eot]
[themesbrand.com/lexa/layouts/assets/fonts/fa-regular-400d41d.eot]
[themesbrand.com/lexa/layouts/assets/fonts/fa-regular-400.woff2]
[themesbrand.com/lexa/layouts/assets/fonts/fa-regular-400.woff]
[themesbrand.com/lexa/layouts/assets/fonts/fa-regular-400.ttf]
[themesbrand.com/lexa/layouts/assets/fonts/fa-solid-900.eot]
[themesbrand.com/lexa/layouts/assets/fonts/fa-solid-900d41d.eot]
[themesbrand.com/lexa/layouts/assets/fonts/fa-solid-900.woff2]
[themesbrand.com/lexa/layouts/assets/fonts/fa-solid-900.woff]
[themesbrand.com/lexa/layouts/assets/fonts/fa-solid-900.ttf]
[themesbrand.com/lexa/layouts/assets/fonts/dripicons-v2.eot]
[themesbrand.com/lexa/layouts/assets/fonts/dripicons-v2d41d.eot]
[themesbrand.com/lexa/layouts/assets/fonts/dripicons-v2.woff]
[themesbrand.com/lexa/layouts/assets/fonts/dripicons-v2.ttf]
[themesbrand.com/lexa/layouts/assets/fonts/ioniconsde33.eot]
[themesbrand.com/lexa/layouts/assets/fonts/ioniconsde33.woff2]
[themesbrand.com/lexa/layouts/assets/fonts/ioniconsde33.woff]
[themesbrand.com/lexa/layouts/assets/fonts/ioniconsde33.ttf]
[themesbrand.com/lexa/layouts/assets/fonts/themify9f24.eot]
[themesbrand.com/lexa/layouts/assets/fonts/themifyd41d.eot]
[themesbrand.com/lexa/layouts/assets/fonts/themify9f24.woff]
[themesbrand.com/lexa/layouts/assets/fonts/themify9f24.ttf]
[themesbrand.com/lexa/layouts/assets/fonts/typicons.eot]
[themesbrand.com/lexa/layouts/assets/fonts/typiconsd41d.eot]
[themesbrand.com/lexa/layouts/assets/fonts/typicons.woff]
[themesbrand.com/lexa/layouts/assets/fonts/typicons.ttf]
[themesbrand.com/lexa/layouts/assets/css/icons.min.css]
[themesbrand.com/lexa/layouts/assets/css/app.min.css]
[themesbrand.com/lexa/layouts/assets/libs/@fullcalendar/core/main.min.css]
[themesbrand.com/lexa/layouts/assets/libs/@fullcalendar/daygrid/main.min.css]
[themesbrand.com/lexa/layouts/assets/libs/@fullcalendar/bootstrap/main.min.css]
[themesbrand.com/lexa/layouts/assets/libs/@fullcalendar/timegrid/main.min.css]
[themesbrand.com/lexa/layouts/assets/libs/moment/min/moment.min.js]
[themesbrand.com/lexa/layouts/assets/libs/jquery-ui-dist/jquery-ui.min.js]
[themesbrand.com/lexa/layouts/assets/libs/@fullcalendar/core/main.min.js]
[themesbrand.com/lexa/layouts/assets/libs/@fullcalendar/bootstrap/main.min.js]
[themesbrand.com/lexa/layouts/assets/libs/@fullcalendar/daygrid/main.min.js]
[themesbrand.com/lexa/layouts/assets/libs/@fullcalendar/timegrid/main.min.js]
[themesbrand.com/lexa/layouts/assets/libs/@fullcalendar/interaction/main.min.js]
[themesbrand.com/lexa/layouts/assets/js/pages/calendar.init.js]
[themesbrand.com/lexa/layouts/calendar.html]
[themesbrand.com/lexa/layouts/email-inbox.html]
[themesbrand.com/lexa/layouts/assets/images/small/img-3.jpg]
[themesbrand.com/lexa/layouts/assets/images/small/img-4.jpg]
[themesbrand.com/lexa/layouts/email-read.html]
[themesbrand.com/lexa/layouts/assets/libs/tinymce/tinymce.min.js]
[themesbrand.com/lexa/layouts/assets/js/pages/email-editor.init.js]
[themesbrand.com/lexa/layouts/email-compose.html]
[themesbrand.com/lexa/layouts/assets/images/small/img-1.jpg]
[themesbrand.com/lexa/layouts/chat.html]
[themesbrand.com/lexa/layouts/assets/images/small/img-2.jpg]
[themesbrand.com/lexa/layouts/assets/libs/dragula/dragula.min.css]
[themesbrand.com/lexa/layouts/assets/images/users/user-9.jpg]
[themesbrand.com/lexa/layouts/assets/images/users/user-7.jpg]
[themesbrand.com/lexa/layouts/assets/libs/dragula/dragula.min.js]
[themesbrand.com/lexa/layouts/assets/js/pages/kanbanboard.init.js]
[themesbrand.com/lexa/layouts/kanbanboard.html]
[themesbrand.com/lexa/layouts/assets/js/pages/alerts.init.js]
[themesbrand.com/lexa/layouts/ui-alerts.html]
[themesbrand.com/lexa/layouts/ui-buttons.html]
[themesbrand.com/lexa/layouts/ui-badge.html]
[themesbrand.com/lexa/layouts/assets/images/small/img-5.jpg]
[themesbrand.com/lexa/layouts/assets/images/small/img-7.jpg]
[themesbrand.com/lexa/layouts/assets/images/small/img-6.jpg]
[themesbrand.com/lexa/layouts/ui-cards.html]
[themesbrand.com/lexa/layouts/ui-carousel.html]
[themesbrand.com/lexa/layouts/ui-dropdowns.html]
[themesbrand.com/lexa/layouts/ui-utilities.html]
[themesbrand.com/lexa/layouts/ui-grid.html]
[themesbrand.com/lexa/layouts/ui-images.html]
[themesbrand.com/lexa/layouts/assets/libs/magnific-popup/magnific-popup.css]
[themesbrand.com/lexa/layouts/assets/libs/magnific-popup/jquery.magnific-popup.min.js]
[themesbrand.com/lexa/layouts/assets/js/pages/lightbox.init.js]
[themesbrand.com/lexa/layouts/ui-lightbox.html]
[themesbrand.com/lexa/layouts/ui-modals.html]
[themesbrand.com/lexa/layouts/ui-colors.html]
[themesbrand.com/lexa/layouts/ui-offcanvas.html]
[themesbrand.com/lexa/layouts/ui-pagination.html]
[themesbrand.com/lexa/layouts/ui-popover-tooltips.html]
[themesbrand.com/lexa/layouts/assets/libs/ion-rangeslider/css/ion.rangeSlider.min.css]
[themesbrand.com/lexa/layouts/assets/libs/ion-rangeslider/js/ion.rangeSlider.min.js]
[themesbrand.com/lexa/layouts/assets/js/pages/range-sliders.init.js]
[themesbrand.com/lexa/layouts/ui-rangeslider.html]
[themesbrand.com/lexa/layouts/assets/libs/@curiosityx/bootstrap-session-timeout/index.js]
[themesbrand.com/lexa/layouts/assets/js/pages/session-timeout.init.js]
[themesbrand.com/lexa/layouts/ui-session-timeout.html]
[themesbrand.com/lexa/layouts/ui-progressbars.html]
[themesbrand.com/lexa/layouts/assets/libs/sweetalert2/sweetalert2.min.css]
[themesbrand.com/lexa/layouts/assets/libs/sweetalert2/sweetalert2.min.js]
[themesbrand.com/lexa/layouts/assets/js/pages/sweet-alerts.init.js]
[themesbrand.com/lexa/layouts/ui-sweet-alert.html]
[themesbrand.com/lexa/layouts/ui-tabs-accordions.html]
[themesbrand.com/lexa/layouts/ui-typography.html]
[themesbrand.com/lexa/layouts/ui-video.html]
[themesbrand.com/lexa/layouts/form-elements.html]
[themesbrand.com/lexa/layouts/assets/libs/parsleyjs/parsley.min.js]
[themesbrand.com/lexa/layouts/assets/js/pages/form-validation.init.js]
[themesbrand.com/lexa/layouts/form-validation.html]
[themesbrand.com/lexa/layouts/assets/libs/select2/css/select2.min.css]
[themesbrand.com/lexa/layouts/assets/libs/bootstrap-datepicker/css/bootstrap-datepicker.min.css]
[themesbrand.com/lexa/layouts/assets/libs/spectrum-colorpicker2/spectrum.min.css]
[themesbrand.com/lexa/layouts/assets/libs/bootstrap-touchspin/jquery.bootstrap-touchspin.min.css]
[themesbrand.com/lexa/layouts/assets/libs/select2/js/select2.min.js]
[themesbrand.com/lexa/layouts/assets/libs/bootstrap-datepicker/js/bootstrap-datepicker.min.js]
[themesbrand.com/lexa/layouts/assets/libs/spectrum-colorpicker2/spectrum.min.js]
[themesbrand.com/lexa/layouts/assets/libs/bootstrap-touchspin/jquery.bootstrap-touchspin.min.js]
[themesbrand.com/lexa/layouts/assets/libs/admin-resources/bootstrap-filestyle/bootstrap-filestyle.min.js]
[themesbrand.com/lexa/layouts/assets/libs/bootstrap-maxlength/bootstrap-maxlength.min.js]
[themesbrand.com/lexa/layouts/form-advanced.html]
[themesbrand.com/lexa/layouts/assets/js/pages/form-advanced.init.js]
[themesbrand.com/lexa/layouts/assets/js/pages/form-editor.init.js]
[themesbrand.com/lexa/layouts/form-editors.html]
[themesbrand.com/lexa/layouts/assets/libs/dropzone/min/dropzone.min.css]
[themesbrand.com/lexa/layouts/form-uploads.html]
[themesbrand.com/lexa/layouts/assets/libs/dropzone/min/dropzone.min.js]
[themesbrand.com/lexa/layouts/assets/libs/bootstrap-editable/css/bootstrap-editable.css]
[themesbrand.com/lexa/layouts/assets/libs/bootstrap-editable/js/index.js]
[themesbrand.com/lexa/layouts/assets/js/pages/form-xeditable.init.js]
[themesbrand.com/lexa/layouts/form-xeditable.html]
[themesbrand.com/lexa/layouts/assets/js/pages/morris.init.js]
[themesbrand.com/lexa/layouts/charts-morris.html]
[themesbrand.com/lexa/layouts/assets/libs/chartist/chartist.min.css]
[themesbrand.com/lexa/layouts/assets/libs/chartist/chartist.min.js]
[themesbrand.com/lexa/layouts/assets/libs/chartist-plugin-tooltips/chartist-plugin-tooltip.min.js]
[themesbrand.com/lexa/layouts/assets/js/pages/chartist.init.js]
[themesbrand.com/lexa/layouts/charts-chartist.html]
[themesbrand.com/lexa/layouts/assets/libs/chart.js/chart.umd.js]
[themesbrand.com/lexa/layouts/assets/js/pages/chartjs.init.js]
[themesbrand.com/lexa/layouts/charts-chartjs.html]
[themesbrand.com/lexa/layouts/assets/libs/flot-charts/jquery.flot.js]
[themesbrand.com/lexa/layouts/assets/libs/flot-charts/jquery.flot.time.js]
[themesbrand.com/lexa/layouts/assets/libs/jquery.flot.tooltip/js/jquery.flot.tooltip.min.js]
[themesbrand.com/lexa/layouts/assets/libs/flot-charts/jquery.flot.resize.js]
[themesbrand.com/lexa/layouts/assets/libs/flot-charts/jquery.flot.pie.js]
[themesbrand.com/lexa/layouts/assets/libs/flot-charts/jquery.flot.selection.js]
[themesbrand.com/lexa/layouts/assets/libs/flot-charts/jquery.flot.stack.js]
[themesbrand.com/lexa/layouts/assets/libs/flot.curvedlines/curvedLines.js]
[themesbrand.com/lexa/layouts/assets/libs/flot-charts/jquery.flot.crosshair.js]
[themesbrand.com/lexa/layouts/assets/js/pages/flot.init.js]
[themesbrand.com/lexa/layouts/charts-flot.html]
[themesbrand.com/lexa/layouts/assets/libs/c3/c3.min.css]
[themesbrand.com/lexa/layouts/assets/libs/c3/c3.min.js]
[themesbrand.com/lexa/layouts/assets/libs/d3/d3.min.js]
[themesbrand.com/lexa/layouts/assets/js/pages/c3-chart.init.js]
[themesbrand.com/lexa/layouts/charts-c3.html]
[themesbrand.com/lexa/layouts/assets/libs/jquery-knob/jquery.knob.min.js]
[themesbrand.com/lexa/layouts/assets/js/pages/jquery-knob.init.js]
[themesbrand.com/lexa/layouts/charts-other.html]
[themesbrand.com/lexa/layouts/tables-basic.html]
[themesbrand.com/lexa/layouts/assets/libs/datatables.net-bs4/css/dataTables.bootstrap4.min.css]
[themesbrand.com/lexa/layouts/assets/libs/datatables.net-buttons-bs4/css/buttons.bootstrap4.min.css]
[themesbrand.com/lexa/layouts/assets/libs/datatables.net-responsive-bs4/css/responsive.bootstrap4.min.css]
[themesbrand.com/lexa/layouts/assets/libs/datatables.net/js/jquery.dataTables.min.js]
[themesbrand.com/lexa/layouts/assets/libs/datatables.net-bs4/js/dataTables.bootstrap4.min.js]
[themesbrand.com/lexa/layouts/assets/libs/datatables.net-buttons/js/dataTables.buttons.min.js]
[themesbrand.com/lexa/layouts/assets/libs/datatables.net-buttons-bs4/js/buttons.bootstrap4.min.js]
[themesbrand.com/lexa/layouts/assets/libs/jszip/jszip.min.js]
[themesbrand.com/lexa/layouts/assets/libs/datatables.net-buttons/js/buttons.html5.min.js]
[themesbrand.com/lexa/layouts/assets/libs/pdfmake/build/pdfmake.min.js]
[themesbrand.com/lexa/layouts/assets/libs/datatables.net-buttons/js/buttons.print.min.js]
[themesbrand.com/lexa/layouts/assets/libs/datatables.net-buttons/js/buttons.colVis.min.js]
[themesbrand.com/lexa/layouts/assets/libs/datatables.net-responsive/js/dataTables.responsive.min.js]
[themesbrand.com/lexa/layouts/assets/libs/datatables.net-responsive-bs4/js/responsive.bootstrap4.min.js]
[themesbrand.com/lexa/layouts/assets/js/pages/datatables.init.js]
[themesbrand.com/lexa/layouts/tables-datatable.html]
[themesbrand.com/lexa/layouts/assets/libs/admin-resources/rwd-table/rwd-table.min.css]
[themesbrand.com/lexa/layouts/assets/libs/pdfmake/build/vfs_fonts.js]
[themesbrand.com/lexa/layouts/assets/libs/admin-resources/rwd-table/rwd-table.min.js]
[themesbrand.com/lexa/layouts/assets/js/pages/table-responsive.init.js]
[themesbrand.com/lexa/layouts/tables-responsive.html]
[themesbrand.com/lexa/layouts/assets/libs/table-edits/build/table-edits.min.js]
[themesbrand.com/lexa/layouts/assets/js/pages/table-editable.int.js]
[themesbrand.com/lexa/layouts/tables-editable.html]
[themesbrand.com/lexa/layouts/icons-material.html]
[themesbrand.com/lexa/layouts/icons-ion.html]
[themesbrand.com/lexa/layouts/assets/js/pages/materialdesign.init.js]
[themesbrand.com/lexa/layouts/icons-fontawesome.html]
[themesbrand.com/lexa/layouts/icons-themify.html]
[themesbrand.com/lexa/layouts/icons-dripicons.html]
[themesbrand.com/lexa/layouts/icons-typicons.html]
[themesbrand.com/lexa/layouts/assets/js/pages/fontawesome.init.js]
[themesbrand.com/lexa/layouts/assets/libs/gmaps/gmaps.min.js]
[themesbrand.com/lexa/layouts/assets/js/pages/gmaps.init.js]
[themesbrand.com/lexa/layouts/maps-google.html]
[themesbrand.com/lexa/layouts/assets/libs/admin-resources/jquery.vectormap/jquery-jvectormap-1.2.2.css]
[themesbrand.com/lexa/layouts/assets/libs/admin-resources/jquery.vectormap/jquery-jvectormap-1.2.2.min.js]
[themesbrand.com/lexa/layouts/assets/libs/admin-resources/jquery.vectormap/maps/jquery-jvectormap-world-mill-en.js]
[themesbrand.com/lexa/layouts/assets/libs/admin-resources/jquery.vectormap/maps/jquery-jvectormap-us-merc-en.js]
[themesbrand.com/lexa/layouts/assets/libs/admin-resources/jquery.vectormap/maps/jquery-jvectormap-in-mill-en.js]
[themesbrand.com/lexa/layouts/assets/libs/admin-resources/jquery.vectormap/maps/jquery-jvectormap-au-mill-en.js]
[themesbrand.com/lexa/layouts/assets/libs/admin-resources/jquery.vectormap/maps/jquery-jvectormap-us-il-chicago-mill-en.js]
[themesbrand.com/lexa/layouts/assets/libs/admin-resources/jquery.vectormap/maps/jquery-jvectormap-uk-mill-en.js]
[themesbrand.com/lexa/layouts/assets/libs/admin-resources/jquery.vectormap/maps/jquery-jvectormap-ca-lcc-en.js]
[themesbrand.com/lexa/layouts/assets/js/pages/vector-maps.init.js]
[themesbrand.com/lexa/layouts/maps-vector.html]
[themesbrand.com/lexa/layouts/layouts-light-sidebar.html]
[themesbrand.com/lexa/layouts/layouts-compact-sidebar.html]
[themesbrand.com/lexa/layouts/layouts-icon-sidebar.html]
[themesbrand.com/lexa/layouts/layouts-boxed.html]
[themesbrand.com/lexa/layouts/layouts-preloader.html]
[themesbrand.com/lexa/layouts/layouts-colored-sidebar.html]
[themesbrand.com/lexa/layouts/layouts-horizontal.html]
[themesbrand.com/lexa/layouts/layouts-hori-topbar-dark.html]
[themesbrand.com/lexa/layouts/layouts-hori-preloader.html]
[themesbrand.com/lexa/layouts/layouts-hori-boxed-width.html]
[themesbrand.com/lexa/layouts/pages-login.html]
[themesbrand.com/lexa/layouts/pages-register.html]
[themesbrand.com/lexa/layouts/pages-recoverpw.html]
[themesbrand.com/lexa/layouts/pages-lock-screen.html]
[themesbrand.com/lexa/layouts/pages-timeline.html]
[themesbrand.com/lexa/layouts/pages-invoice.html]
[themesbrand.com/lexa/layouts/pages-directory.html]
[themesbrand.com/lexa/layouts/pages-blank.html]
[themesbrand.com/lexa/layouts/pages-404.html]
[themesbrand.com/lexa/layouts/pages-500.html]
[themesbrand.com/lexa/layouts/assets/css/app-dark.min.html]
[themesbrand.com/lexa/layouts/assets/images/bg-1.png]
[themesbrand.com/lexa/layouts/assets/images/directory-bg.jpg]
[themesbrand.com/lexa/layouts/assets/css/app-rtl.min.css]
[themesbrand.com/lexa/layouts/assets/fonts/fa-brands-400.svg]
[themesbrand.com/lexa/layouts/assets/fonts/fa-regular-400.svg]
[themesbrand.com/lexa/layouts/assets/fonts/fa-solid-900.svg]
[themesbrand.com/lexa/layouts/assets/fonts/dripicons-v2.svg]
[themesbrand.com/lexa/layouts/assets/fonts/ioniconsde33.svg]
[themesbrand.com/lexa/layouts/assets/fonts/themify9f24.svg]
[themesbrand.com/lexa/layouts/assets/fonts/typicons.svg]
[themesbrand.com/lexa/layouts/assets/libs/@fullcalendar/core/main.min.css]
[themesbrand.com/lexa/layouts/assets/libs/@fullcalendar/daygrid/main.min.css]
[themesbrand.com/lexa/layouts/assets/libs/@fullcalendar/bootstrap/main.min.css]
[themesbrand.com/lexa/layouts/assets/libs/@fullcalendar/timegrid/main.min.css]
[themesbrand.com/lexa/layouts/assets/libs/dragula/dragula.min.css]
[themesbrand.com/lexa/layouts/assets/libs/magnific-popup/magnific-popup.css]
[themesbrand.com/lexa/layouts/assets/libs/ion-rangeslider/css/ion.rangeSlider.min.css]
[themesbrand.com/lexa/layouts/assets/libs/sweetalert2/sweetalert2.min.css]
[themesbrand.com/lexa/layouts/assets/libs/select2/css/select2.min.css]
[themesbrand.com/lexa/layouts/assets/libs/bootstrap-datepicker/css/bootstrap-datepicker.min.css]
[themesbrand.com/lexa/layouts/assets/libs/spectrum-colorpicker2/spectrum.min.css]
[themesbrand.com/lexa/layouts/assets/libs/bootstrap-touchspin/jquery.bootstrap-touchspin.min.css]
[themesbrand.com/lexa/layouts/assets/libs/dropzone/min/dropzone.min.css]
[themesbrand.com/lexa/layouts/assets/libs/bootstrap-editable/img/loading.gif]
[themesbrand.com/lexa/layouts/assets/libs/bootstrap-editable/img/clear.png]
[themesbrand.com/lexa/layouts/assets/libs/bootstrap-editable/css/bootstrap-editable.css]
[themesbrand.com/lexa/layouts/assets/libs/chartist/chartist.min.css]
[themesbrand.com/lexa/layouts/assets/libs/c3/c3.min.css]
[themesbrand.com/lexa/layouts/assets/libs/datatables.net-bs4/css/dataTables.bootstrap4.min.css]
[themesbrand.com/lexa/layouts/assets/libs/datatables.net-buttons-bs4/css/buttons.bootstrap4.min.css]
[themesbrand.com/lexa/layouts/assets/libs/datatables.net-responsive-bs4/css/responsive.bootstrap4.min.css]
[themesbrand.com/lexa/layouts/assets/libs/admin-resources/rwd-table/rwd-table.min.css]
[themesbrand.com/lexa/layouts/assets/libs/admin-resources/jquery.vectormap/jquery-jvectormap-1.2.2.css]
